2025-06-25 17:40:55,313 - INFO - Starting project template creation for 'OMRON_FINS_PROTOCOL'
2025-06-25 17:40:55,313 - INFO - Total files to create: 38
2025-06-25 17:40:55,320 - INFO - Created: OMRON_FINS_PROTOCOL/__init__.py - Main package initialization
2025-06-25 17:40:55,327 - INFO - Created: OMRON_FINS_PROTOCOL/components/__init__.py - Components module initialization
2025-06-25 17:40:55,336 - INFO - Created: OMRON_FINS_PROTOCOL/config/__init__.py - Configuration module initialization
2025-06-25 17:40:55,342 - INFO - Created: OMRON_FINS_PROTOCOL/constants/__init__.py - Constants and enums
2025-06-25 17:40:55,350 - INFO - Created: OMRON_FINS_PROTOCOL/entity/__init__.py - Data entities and models
2025-06-25 17:40:55,357 - INFO - Created: OMRON_FINS_PROTOCOL/exception/__init__.py - Custom exceptions
2025-06-25 17:40:55,367 - INFO - Created: OMRON_FINS_PROTOCOL/logger/__init__.py - Logging utilities
2025-06-25 17:40:55,376 - INFO - Created: OMRON_FINS_PROTOCOL/pipeline/__init__.py - Data pipeline components
2025-06-25 17:40:55,384 - INFO - Created: OMRON_FINS_PROTOCOL/Fins_domain/__init__.py - FINS domain-specific logic
2025-06-25 17:40:55,393 - INFO - Created: OMRON_FINS_PROTOCOL/Fins_domain/command_codes.py - FinsCommandCode Class
2025-06-25 17:40:55,399 - INFO - Created: OMRON_FINS_PROTOCOL/Fins_domain/response_codes.py - FinsResponseEndCodes Class
2025-06-25 17:40:55,409 - INFO - Created: OMRON_FINS_PROTOCOL/Fins_domain/frames.py - `FinsHeader`, `FinsCommandFrame`, `FinsResponseFrame` Class
2025-06-25 17:40:55,416 - INFO - Created: OMRON_FINS_PROTOCOL/Fins_domain/memory_areas.py - FinsPLCMemoryAreas Class
2025-06-25 17:40:55,423 - INFO - Created: OMRON_FINS_PROTOCOL/Fins_domain/connection.py - FinsConnection Class
2025-06-25 17:40:55,430 - INFO - Created: OMRON_FINS_PROTOCOL/fins_domain/utils.py - reverse_word_order function
2025-06-25 17:40:55,443 - INFO - Created: OMRON_FINS_PROTOCOL/Infrastructure/fins/__init__.py - FINS Infrastructure module initialization
2025-06-25 17:40:55,451 - INFO - Created: OMRON_FINS_PROTOCOL/Infrastructure/fins/tcp_connection.py - TCP connection handling for FINS
2025-06-25 17:40:55,460 - INFO - Created: OMRON_FINS_PROTOCOL/Infrastructure/fins/udp_connection.py - UDP connection handling for FINS
2025-06-25 17:40:55,467 - INFO - Created: OMRON_FINS_PROTOCOL/Infrastructure/fins/serial_connection.py - Serial connection handling for FINS
2025-06-25 17:40:55,475 - INFO - Created: OMRON_FINS_PROTOCOL/Infrastructure/fins/mock_connection.py - Test doubles for FINS connections
2025-06-25 17:40:55,483 - INFO - Created: OMRON_FINS_PROTOCOL/Docs/README.md - Documentation for the FINS Protocol project
2025-06-25 17:40:55,491 - INFO - Created: OMRON_FINS_PROTOCOL/Docs/api_reference.md - API reference documentation
2025-06-25 17:40:55,497 - INFO - Created: OMRON_FINS_PROTOCOL/Docs/user_guide.md - User guide for the FINS Protocol project(explain teh fins protocol)
2025-06-25 17:40:55,506 - INFO - Created: config/config.yaml - Main configuration file
2025-06-25 17:40:55,510 - INFO - Created: schema.yaml - Data schema definitions
2025-06-25 17:40:55,513 - INFO - Created: app.py - Main application entry point
2025-06-25 17:40:55,517 - INFO - Created: main.py - CLI entry point
2025-06-25 17:40:55,520 - INFO - Created: logs.py - Logging configuration
2025-06-25 17:40:55,524 - INFO - Created: exception.py - Global exception handling
2025-06-25 17:40:55,526 - INFO - Created: setup.py - Package setup configuration
2025-06-25 17:40:55,531 - INFO - Created: requirements.txt - Python dependencies
2025-06-25 17:40:55,535 - INFO - Created: .gitignore - Git ignore patterns
2025-06-25 17:40:55,538 - INFO - Created: Dockerfile - Docker configuration
2025-06-25 17:40:55,540 - INFO - Created: docker-compose.yml - Docker compose configuration
2025-06-25 17:40:55,547 - INFO - Created: OMRON_FINS_PROTOCOL/tests/__init__.py - Test package initialization
2025-06-25 17:40:55,555 - INFO - Created: tests/test_main.py - Main test file
2025-06-25 17:40:55,559 - INFO - Created: .env.example - Environment variables example
2025-06-25 17:40:55,566 - INFO - Created: pyproject.toml - Modern Python project configuration
2025-06-25 17:40:55,566 - INFO - Project template creation completed.
2025-06-25 17:40:55,566 - INFO - Created files: 38
2025-06-25 17:40:55,566 - INFO - Skipped files: 0
2025-06-25 17:40:55,567 - INFO - Failed files: 0
