2025-06-25 16:15:18,705 - INFO - Starting project template creation for 'fins_protocol'
2025-06-25 16:15:18,705 - INFO - Total files to create: 25
2025-06-25 16:15:18,710 - INFO - Created: fins_protocol/__init__.py - Main package initialization
2025-06-25 16:15:18,717 - INFO - Created: fins_protocol/components/__init__.py - Components module initialization
2025-06-25 16:15:18,726 - INFO - Created: fins_protocol/config/__init__.py - Configuration module initialization
2025-06-25 16:15:18,733 - INFO - Created: fins_protocol/constants/__init__.py - Constants and enums
2025-06-25 16:15:18,740 - INFO - Created: fins_protocol/entity/__init__.py - Data entities and models
2025-06-25 16:15:18,746 - INFO - Created: fins_protocol/exception/__init__.py - Custom exceptions
2025-06-25 16:15:18,752 - INFO - Created: fins_protocol/logger/__init__.py - Logging utilities
2025-06-25 16:15:18,760 - INFO - Created: fins_protocol/pipeline/__init__.py - Data pipeline components
2025-06-25 16:15:18,766 - INFO - Created: fins_protocol/utils/__init__.py - Utility functions
2025-06-25 16:15:18,774 - INFO - Created: config/config.yaml - Main configuration file
2025-06-25 16:15:18,778 - INFO - Created: schema.yaml - Data schema definitions
2025-06-25 16:15:18,782 - INFO - Created: app.py - Main application entry point
2025-06-25 16:15:18,787 - INFO - Created: main.py - CLI entry point
2025-06-25 16:15:18,792 - INFO - Created: logs.py - Logging configuration
2025-06-25 16:15:18,796 - INFO - Created: exception.py - Global exception handling
2025-06-25 16:15:18,799 - INFO - Created: setup.py - Package setup configuration
2025-06-25 16:15:18,804 - INFO - Created: requirements.txt - Python dependencies
2025-06-25 16:15:18,809 - INFO - Created: README.md - Project documentation
2025-06-25 16:15:18,814 - INFO - Created: .gitignore - Git ignore patterns
2025-06-25 16:15:18,817 - INFO - Created: Dockerfile - Docker configuration
2025-06-25 16:15:18,824 - INFO - Created: docker-compose.yml - Docker compose configuration
2025-06-25 16:15:18,831 - INFO - Created: fins_protocol/tests/__init__.py - Test package initialization
2025-06-25 16:15:18,839 - INFO - Created: tests/test_main.py - Main test file
2025-06-25 16:15:18,843 - INFO - Created: .env.example - Environment variables example
2025-06-25 16:15:18,846 - INFO - Created: pyproject.toml - Modern Python project configuration
2025-06-25 16:15:18,847 - INFO - Project template creation completed.
2025-06-25 16:15:18,847 - INFO - Created files: 25
2025-06-25 16:15:18,847 - INFO - Skipped files: 0
2025-06-25 16:15:18,848 - INFO - Failed files: 0
